#
# There is insufficient memory for the Java Runtime Environment to continue.
# Native memory allocation (mmap) failed to map 402653184 bytes for G1 virtual space
# Possible reasons:
#   The system is out of physical RAM or swap space
#   The process is running with CompressedOops enabled, and the Java Heap may be blocking the growth of the native heap
# Possible solutions:
#   Reduce memory load on the system
#   Increase physical memory or swap space
#   Check if swap backing store is full
#   Decrease Java heap size (-Xmx/-Xms)
#   Decrease number of Java threads
#   Decrease Java thread stack sizes (-Xss)
#   Set larger code cache with -XX:ReservedCodeCacheSize=
#   JVM is running with Zero Based Compressed Oops mode in which the Java heap is
#     placed in the first 32GB address space. The Java Heap base address is the
#     maximum limit for the native heap growth. Please use -XX:HeapBaseMinAddress
#     to set the Java Heap base and to place the Java Heap above 32GB virtual address.
# This output file may be truncated or incomplete.
#
#  Out of Memory Error (os_windows.cpp:3532), pid=1984, tid=6560
#
# JRE version:  (17.0.2+8) (build )
# Java VM: OpenJDK 64-Bit Server VM (17.0.2+8-86, mixed mode, emulated-client, sharing, tiered, compressed oops, compressed class ptrs, g1 gc, windows-amd64)
# No core dump will be written. Minidumps are not enabled by default on client versions of Windows
#

---------------  S U M M A R Y ------------

Command Line: -XX:TieredStopAtLevel=1 -Dspring.output.ansi.enabled=always -Dcom.sun.management.jmxremote -Dspring.jmx.enabled=true -Dspring.liveBeansView.mbeanDomain -Dspring.application.admin.enabled=true -Dmanagement.endpoints.jmx.exposure.include=* -javaagent:C:\Program Files\JetBrains\IntelliJIdea2023.3\lib\idea_rt.jar=64614:C:\Program Files\JetBrains\IntelliJIdea2023.3\bin -Dfile.encoding=UTF-8 com.quizztoast.backendAPI.BackendApiApplication

Host: 11th Gen Intel(R) Core(TM) i7-11800H @ 2.30GHz, 16 cores, 23G,  Windows 10 , 64 bit Build 19041 (10.0.19041.3636)
Time: Fri Jan 12 16:55:58 2024 SE Asia Standard Time elapsed time: 0.009885 seconds (0d 0h 0m 0s)

---------------  T H R E A D  ---------------

Current thread (0x000001a6792a2720):  JavaThread "Unknown thread" [_thread_in_vm, id=6560, stack(0x00000070c6200000,0x00000070c6300000)]

Stack: [0x00000070c6200000,0x00000070c6300000]
Native frames: (J=compiled Java code, j=interpreted, Vv=VM code, C=native code)
V  [jvm.dll+0x670baa]
V  [jvm.dll+0x7cfcb4]
V  [jvm.dll+0x7d145e]
V  [jvm.dll+0x7d1ac3]
V  [jvm.dll+0x242bc5]
V  [jvm.dll+0x66dac9]
V  [jvm.dll+0x662412]
V  [jvm.dll+0x300c0b]
V  [jvm.dll+0x3081a6]
V  [jvm.dll+0x357d0e]
V  [jvm.dll+0x357f3f]
V  [jvm.dll+0x2d7ec8]
V  [jvm.dll+0x2d8e34]
V  [jvm.dll+0x7a18c1]
V  [jvm.dll+0x365a91]
V  [jvm.dll+0x780d2c]
V  [jvm.dll+0x3e845f]
V  [jvm.dll+0x3e9f01]
C  [jli.dll+0x527b]
C  [ucrtbase.dll+0x21bb2]
C  [KERNEL32.DLL+0x17344]
C  [ntdll.dll+0x526b1]


---------------  P R O C E S S  ---------------

Threads class SMR info:
_java_thread_list=0x00007ffb04579858, length=0, elements={
}

Java Threads: ( => current thread )

Other Threads:
  0x000001a679303460 GCTaskThread "GC Thread#0" [stack: 0x00000070c6300000,0x00000070c6400000] [id=24828]
  0x000001a679310090 ConcurrentGCThread "G1 Main Marker" [stack: 0x00000070c6400000,0x00000070c6500000] [id=19548]
  0x000001a6793110e0 ConcurrentGCThread "G1 Conc#0" [stack: 0x00000070c6500000,0x00000070c6600000] [id=29472]

[error occurred during error reporting (printing all threads), id 0xc0000005, EXCEPTION_ACCESS_VIOLATION (0xc0000005) at pc=0x00007ffb03dc88a7]

VM state: not at safepoint (not fully initialized)

VM Mutex/Monitor currently owned by a thread:  ([mutex/lock_event])
[0x000001a67929df20] Heap_lock - owner thread: 0x000001a6792a2720

Heap address: 0x0000000683400000, size: 6092 MB, Compressed Oops mode: Zero based, Oop shift amount: 3

CDS archive(s) mapped at: [0x0000000000000000-0x0000000000000000-0x0000000000000000), size 0, SharedBaseAddress: 0x0000000800000000, ArchiveRelocationMode: 0.
Narrow klass base: 0x0000000000000000, Narrow klass shift: 0, Narrow klass range: 0x0

GC Precious Log:
<Empty>

Heap:
 garbage-first heap   total 0K, used 0K [0x0000000683400000, 0x0000000800000000)
  region size 4096K, 0 young (0K), 0 survivors (0K)

[error occurred during error reporting (printing heap information), id 0xc0000005, EXCEPTION_ACCESS_VIOLATION (0xc0000005) at pc=0x00007ffb041a9f19]

GC Heap History (0 events):
No events

Deoptimization events (0 events):
No events

Classes unloaded (0 events):
No events

Classes redefined (0 events):
No events

Internal exceptions (0 events):
No events

VM Operations (0 events):
No events

Events (1 events):
Event: 0.005 Loaded shared library C:\Users\HieuSA\Desktop\HieuCyber\02.FPT\FPT_University\SE_hieuhvhe176256\05.Semester5\SWP391\openjdk-17.0.2_windows-x64_bin\jdk-17.0.2\bin\java.dll


Dynamic libraries:
0x00007ff7c84c0000 - 0x00007ff7c84ce000 	C:\Users\HieuSA\Desktop\HieuCyber\02.FPT\FPT_University\SE_hieuhvhe176256\05.Semester5\SWP391\openjdk-17.0.2_windows-x64_bin\jdk-17.0.2\bin\java.exe
0x00007ffba8270000 - 0x00007ffba8468000 	C:\WINDOWS\SYSTEM32\ntdll.dll
0x00007ffb98fe0000 - 0x00007ffb98ff9000 	C:\Program Files\Avast Software\Avast\aswhook.dll
0x00007ffba62d0000 - 0x00007ffba638d000 	C:\WINDOWS\System32\KERNEL32.DLL
0x00007ffba5d50000 - 0x00007ffba6046000 	C:\WINDOWS\System32\KERNELBASE.dll
0x00007ffba6080000 - 0x00007ffba6180000 	C:\WINDOWS\System32\ucrtbase.dll
0x00007ffb93080000 - 0x00007ffb93098000 	C:\Users\HieuSA\Desktop\HieuCyber\02.FPT\FPT_University\SE_hieuhvhe176256\05.Semester5\SWP391\openjdk-17.0.2_windows-x64_bin\jdk-17.0.2\bin\jli.dll
0x00007ffb925a0000 - 0x00007ffb925ba000 	C:\Users\HieuSA\Desktop\HieuCyber\02.FPT\FPT_University\SE_hieuhvhe176256\05.Semester5\SWP391\openjdk-17.0.2_windows-x64_bin\jdk-17.0.2\bin\VCRUNTIME140.dll
0x00007ffba63f0000 - 0x00007ffba658e000 	C:\WINDOWS\System32\USER32.dll
0x00007ffba5ab0000 - 0x00007ffba5ad2000 	C:\WINDOWS\System32\win32u.dll
0x00007ffba6b80000 - 0x00007ffba6bac000 	C:\WINDOWS\System32\GDI32.dll
0x00007ffb78260000 - 0x00007ffb784fa000 	C:\WINDOWS\WinSxS\amd64_microsoft.windows.common-controls_6595b64144ccf1df_6.0.19041.3636_none_60b6a03d71f818d5\COMCTL32.dll
0x00007ffba5940000 - 0x00007ffba5a5a000 	C:\WINDOWS\System32\gdi32full.dll
0x00007ffba5cb0000 - 0x00007ffba5d4d000 	C:\WINDOWS\System32\msvcp_win.dll
0x00007ffba6590000 - 0x00007ffba662e000 	C:\WINDOWS\System32\msvcrt.dll
0x00007ffba80f0000 - 0x00007ffba8120000 	C:\WINDOWS\System32\IMM32.DLL
0x00007ffb972e0000 - 0x00007ffb972ec000 	C:\Users\HieuSA\Desktop\HieuCyber\02.FPT\FPT_University\SE_hieuhvhe176256\05.Semester5\SWP391\openjdk-17.0.2_windows-x64_bin\jdk-17.0.2\bin\vcruntime140_1.dll
0x00007ffb7fdd0000 - 0x00007ffb7fe5d000 	C:\Users\HieuSA\Desktop\HieuCyber\02.FPT\FPT_University\SE_hieuhvhe176256\05.Semester5\SWP391\openjdk-17.0.2_windows-x64_bin\jdk-17.0.2\bin\msvcp140.dll
0x00007ffb03ae0000 - 0x00007ffb046a1000 	C:\Users\HieuSA\Desktop\HieuCyber\02.FPT\FPT_University\SE_hieuhvhe176256\05.Semester5\SWP391\openjdk-17.0.2_windows-x64_bin\jdk-17.0.2\bin\server\jvm.dll
0x00007ffba6bb0000 - 0x00007ffba6c63000 	C:\WINDOWS\System32\ADVAPI32.dll
0x00007ffba6e20000 - 0x00007ffba6ebf000 	C:\WINDOWS\System32\sechost.dll
0x00007ffba6750000 - 0x00007ffba6876000 	C:\WINDOWS\System32\RPCRT4.dll
0x00007ffba6050000 - 0x00007ffba6077000 	C:\WINDOWS\System32\bcrypt.dll
0x00007ffba62c0000 - 0x00007ffba62c8000 	C:\WINDOWS\System32\PSAPI.DLL
0x00007ffb968a0000 - 0x00007ffb968c7000 	C:\WINDOWS\SYSTEM32\WINMM.dll
0x00007ffb9ac90000 - 0x00007ffb9ac9a000 	C:\WINDOWS\SYSTEM32\VERSION.dll
0x00007ffb955c0000 - 0x00007ffb955c9000 	C:\WINDOWS\SYSTEM32\WSOCK32.dll
0x00007ffba6ec0000 - 0x00007ffba6f2b000 	C:\WINDOWS\System32\WS2_32.dll
0x00007ffba4140000 - 0x00007ffba4152000 	C:\WINDOWS\SYSTEM32\kernel.appcore.dll
0x00007ffb89cb0000 - 0x00007ffb89cba000 	C:\Users\HieuSA\Desktop\HieuCyber\02.FPT\FPT_University\SE_hieuhvhe176256\05.Semester5\SWP391\openjdk-17.0.2_windows-x64_bin\jdk-17.0.2\bin\jimage.dll
0x00007ffba3e60000 - 0x00007ffba4044000 	C:\WINDOWS\SYSTEM32\DBGHELP.DLL
0x00007ffb99740000 - 0x00007ffb99774000 	C:\WINDOWS\SYSTEM32\dbgcore.DLL
0x00007ffba6180000 - 0x00007ffba6202000 	C:\WINDOWS\System32\bcryptPrimitives.dll
0x00007ffba0480000 - 0x00007ffba048e000 	C:\Users\HieuSA\Desktop\HieuCyber\02.FPT\FPT_University\SE_hieuhvhe176256\05.Semester5\SWP391\openjdk-17.0.2_windows-x64_bin\jdk-17.0.2\bin\instrument.dll
0x00007ffb80dd0000 - 0x00007ffb80df5000 	C:\Users\HieuSA\Desktop\HieuCyber\02.FPT\FPT_University\SE_hieuhvhe176256\05.Semester5\SWP391\openjdk-17.0.2_windows-x64_bin\jdk-17.0.2\bin\java.dll

dbghelp: loaded successfully - version: 4.0.5 - missing functions: none
symbol engine: initialized successfully - sym options: 0x614 - pdb path: .;C:\Users\HieuSA\Desktop\HieuCyber\02.FPT\FPT_University\SE_hieuhvhe176256\05.Semester5\SWP391\openjdk-17.0.2_windows-x64_bin\jdk-17.0.2\bin;C:\WINDOWS\SYSTEM32;C:\Program Files\Avast Software\Avast;C:\WINDOWS\WinSxS\amd64_microsoft.windows.common-controls_6595b64144ccf1df_6.0.19041.3636_none_60b6a03d71f818d5;C:\Users\HieuSA\Desktop\HieuCyber\02.FPT\FPT_University\SE_hieuhvhe176256\05.Semester5\SWP391\openjdk-17.0.2_windows-x64_bin\jdk-17.0.2\bin\server

VM Arguments:
jvm_args: -XX:TieredStopAtLevel=1 -Dspring.output.ansi.enabled=always -Dcom.sun.management.jmxremote -Dspring.jmx.enabled=true -Dspring.liveBeansView.mbeanDomain -Dspring.application.admin.enabled=true -Dmanagement.endpoints.jmx.exposure.include=* -javaagent:C:\Program Files\JetBrains\IntelliJIdea2023.3\lib\idea_rt.jar=64614:C:\Program Files\JetBrains\IntelliJIdea2023.3\bin -Dfile.encoding=UTF-8 
java_command: com.quizztoast.backendAPI.BackendApiApplication
java_class_path (initial): C:\Users\HieuSA\Desktop\HieuCyber\02.FPT\FPT_University\SE_hieuhvhe176256\05.Semester5\SWP391\Project\backend-api\target\classes;C:\Users\HieuSA\.m2\repository\org\springframework\boot\spring-boot-starter-data-jpa\3.2.1\spring-boot-starter-data-jpa-3.2.1.jar;C:\Users\HieuSA\.m2\repository\org\springframework\boot\spring-boot-starter-aop\3.2.1\spring-boot-starter-aop-3.2.1.jar;C:\Users\HieuSA\.m2\repository\org\aspectj\aspectjweaver\1.9.21\aspectjweaver-1.9.21.jar;C:\Users\HieuSA\.m2\repository\org\springframework\boot\spring-boot-starter-jdbc\3.2.1\spring-boot-starter-jdbc-3.2.1.jar;C:\Users\HieuSA\.m2\repository\com\zaxxer\HikariCP\5.0.1\HikariCP-5.0.1.jar;C:\Users\HieuSA\.m2\repository\org\springframework\spring-jdbc\6.1.2\spring-jdbc-6.1.2.jar;C:\Users\HieuSA\.m2\repository\org\hibernate\orm\hibernate-core\6.4.1.Final\hibernate-core-6.4.1.Final.jar;C:\Users\HieuSA\.m2\repository\jakarta\persistence\jakarta.persistence-api\3.1.0\jakarta.persistence-api-3.1.0.jar;C:\Users\HieuSA\.m2\repository\jakarta\transaction\jakarta.transaction-api\2.0.1\jakarta.transaction-api-2.0.1.jar;C:\Users\HieuSA\.m2\repository\org\jboss\logging\jboss-logging\3.5.3.Final\jboss-logging-3.5.3.Final.jar;C:\Users\HieuSA\.m2\repository\org\hibernate\common\hibernate-commons-annotations\6.0.6.Final\hibernate-commons-annotations-6.0.6.Final.jar;C:\Users\HieuSA\.m2\repository\io\smallrye\jandex\3.1.2\jandex-3.1.2.jar;C:\Users\HieuSA\.m2\repository\com\fasterxml\classmate\1.6.0\classmate-1.6.0.jar;C:\Users\HieuSA\.m2\repository\net\bytebuddy\byte-buddy\1.14.10\byte-buddy-1.14.10.jar;C:\Users\HieuSA\.m2\repository\org\glassfish\jaxb\jaxb-runtime\4.0.4\jaxb-runtime-4.0.4.jar;C:\Users\HieuSA\.m2\repository\org\glassfish\jaxb\jaxb-core\4.0.4\jaxb-core-4.0.4.jar;C:\Users\HieuSA\.m2\repository\org\eclipse\angus\angus-activation\2.0.1\angus-activation-2.0.1.jar;C:\Users\HieuSA\.m2\repository\org\glassfish\jaxb\txw2\4.0.4\txw2-4.0.4.jar;C:\Users\HieuSA\.m2\repository\com\sun
Launcher Type: SUN_STANDARD

[Global flags]
     intx CICompilerCount                          = 12                                        {product} {ergonomic}
     uint ConcGCThreads                            = 3                                         {product} {ergonomic}
     uint G1ConcRefinementThreads                  = 13                                        {product} {ergonomic}
   size_t G1HeapRegionSize                         = 4194304                                   {product} {ergonomic}
    uintx GCDrainStackTargetSize                   = 64                                        {product} {ergonomic}
   size_t InitialHeapSize                          = 402653184                                 {product} {ergonomic}
     bool ManagementServer                         = true                                      {product} {command line}
   size_t MarkStackSize                            = 4194304                                   {product} {ergonomic}
   size_t MaxHeapSize                              = 6387924992                                {product} {ergonomic}
   size_t MinHeapDeltaBytes                        = 4194304                                   {product} {ergonomic}
   size_t MinHeapSize                              = 8388608                                   {product} {ergonomic}
    uintx NonProfiledCodeHeapSize                  = 0                                      {pd product} {ergonomic}
     bool ProfileInterpreter                       = false                                  {pd product} {command line}
    uintx ProfiledCodeHeapSize                     = 0                                      {pd product} {ergonomic}
   size_t SoftMaxHeapSize                          = 6387924992                             {manageable} {ergonomic}
     intx TieredStopAtLevel                        = 1                                         {product} {command line}
     bool UseCompressedClassPointers               = true                           {product lp64_product} {ergonomic}
     bool UseCompressedOops                        = true                           {product lp64_product} {ergonomic}
     bool UseG1GC                                  = true                                      {product} {ergonomic}
     bool UseLargePagesIndividualAllocation        = false                                  {pd product} {ergonomic}

Logging:
Log output configuration:
 #0: stdout all=warning uptime,level,tags
 #1: stderr all=off uptime,level,tags

Environment Variables:
PATH=C:\Program Files\Common Files\Oracle\Java\javapath;C:\Program Files (x86)\Common Files\Oracle\Java\javapath;C:\Program Files (x86)\VMware\VMware Workstation\bin\;C:\Python310\Scripts\;C:\Python310\;C:\Windows\system32;C:\Windows;C:\Windows\System32\Wbem;C:\Windows\System32\WindowsPowerShell\v1.0\;C:\Windows\System32\OpenSSH\;C:\Program Files (x86)\NVIDIA Corporation\PhysX\Common;C:\Program Files\NVIDIA Corporation\NVIDIA NvDLISR;C:\WINDOWS\system32;C:\WINDOWS;C:\WINDOWS\System32\Wbem;C:\WINDOWS\System32\WindowsPowerShell\v1.0\;C:\WINDOWS\System32\OpenSSH\;C:\Program Files\nodejs\;C:\ProgramData\chocolatey\bin;C:\Program Files\Microsoft SQL Server\Client SDK\ODBC\170\Tools\Binn\;C:\Program Files\dotnet\;C:\HashiCorp\Vagrant\bin;C:\Program Files\Amazon\AWSCLIV2\;C:\Program Files\Azure Data Studio\bin;C:\Program Files\PostgreSQL\15\bin;C:\Program Files\starship\bin\;C:\Program Files\Cloudflare\Cloudflare WARP\;C:\Program Files\Microsoft SQL Server\Client SDK\ODBC\110\Tools\Binn\;C:\Program Files\Go\bin;C:\Program Files\Git\cmd;C:\Program Files (x86)\Microsoft SQL Server\160\Tools\Binn\;C:\Program Files\Microsoft SQL Server\160\Tools\Binn\;C:\Program Files\Microsoft SQL Server\160\DTS\Binn\;C:\Program Files (x86)\Microsoft SQL Server\160\DTS\Binn\;C:\Program Files\PowerShell\7\;C:\Program Files\Docker\Docker\resources\bin;C:\Users\HieuSA\AppData\Local\Microsoft\WindowsApps;C:\Users\HieuSA\AppData\Local\Programs\Microsoft VS Code\bin;C:\msys64\mingw64\bin;C:\Users\HieuSA\AppData\Roaming\npm;C:\Users\HieuSA\AppData\Local\GitHubDesktop\bin;C:\Users\HieuSA\.dotnet\tools;C:\Program Files\Azure Data Studio\bin;C:\Program Files\JetBrains\IntelliJ IDEA 2022.2.4\bin;;C:\Users\HieuSA\go\bin;C:\Users\HieuSA\.dune\bin
USERNAME=HieuSA
OS=Windows_NT
PROCESSOR_IDENTIFIER=Intel64 Family 6 Model 141 Stepping 1, GenuineIntel



---------------  S Y S T E M  ---------------

OS:
 Windows 10 , 64 bit Build 19041 (10.0.19041.3636)
OS uptime: 0 days 10:31 hours
Hyper-V role detected

CPU: total 16 (initial active 16) (8 cores per cpu, 2 threads per core) family 6 model 141 stepping 1 microcode 0x3c, cx8, cmov, fxsr, ht, mmx, 3dnowpref, sse, sse2, sse3, ssse3, sse4.1, sse4.2, popcnt, lzcnt, tsc, tscinvbit, avx, avx2, aes, erms, clmul, bmi1, bmi2, adx, avx512f, avx512dq, avx512cd, avx512bw, avx512vl, sha, fma, vzeroupper, avx512_vpopcntdq, avx512_vpclmulqdq, avx512_vaes, avx512_vnni, clflush, clflushopt, clwb, avx512_vbmi2, avx512_vbmi, hv

Memory: 4k page, system-wide physical 24355M (8552M free)
TotalPageFile size 25379M (AvailPageFile size 273M)
current process WorkingSet (physical memory assigned to process): 11M, peak: 11M
current process commit charge ("private bytes"): 65M, peak: 449M

vm_info: OpenJDK 64-Bit Server VM (17.0.2+8-86) for windows-amd64 JRE (17.0.2+8-86), built on Dec  7 2021 21:49:10 by "mach5one" with MS VC++ 16.8 / 16.9 (VS2019)

END.
